{"/Users/greg/Documents/dev/JLP-Dishwasher-App/src/api/productDetails.js": {"path":"/Users/greg/Documents/dev/JLP-Dishwasher-App/src/api/productDetails.js","statementMap":{"0":{"start":{"line":3,"column":33},"end":{"line":15,"column":1}},"1":{"start":{"line":4,"column":2},"end":{"line":14,"column":7}},"2":{"start":{"line":6,"column":8},"end":{"line":8,"column":9}},"3":{"start":{"line":7,"column":12},"end":{"line":7,"column":64}},"4":{"start":{"line":9,"column":8},"end":{"line":9,"column":28}},"5":{"start":{"line":13,"column":8},"end":{"line":13,"column":18}}},"fnMap":{"0":{"name":"(anonymous_0)","decl":{"start":{"line":3,"column":33},"end":{"line":3,"column":34}},"loc":{"start":{"line":3,"column":54},"end":{"line":15,"column":1}},"line":3},"1":{"name":"(anonymous_1)","decl":{"start":{"line":5,"column":11},"end":{"line":5,"column":12}},"loc":{"start":{"line":5,"column":23},"end":{"line":10,"column":5}},"line":5},"2":{"name":"(anonymous_2)","decl":{"start":{"line":11,"column":12},"end":{"line":11,"column":13}},"loc":{"start":{"line":11,"column":18},"end":{"line":14,"column":5}},"line":11}},"branchMap":{"0":{"loc":{"start":{"line":6,"column":8},"end":{"line":8,"column":9}},"type":"if","locations":[{"start":{"line":6,"column":8},"end":{"line":8,"column":9}},{"start":{"line":6,"column":8},"end":{"line":8,"column":9}}],"line":6}},"s":{"0":2,"1":3,"2":2,"3":1,"4":1,"5":2},"f":{"0":3,"1":2,"2":2},"b":{"0":[1,1]},"_coverageSchema":"1a1c01bbd47fc00a2c39e90264f33305004495a9","hash":"8c6afc34304b7ef2ba9a1d457f222adad0b41ae0"}
,"/Users/greg/Documents/dev/JLP-Dishwasher-App/src/api/productGrid.js": {"path":"/Users/greg/Documents/dev/JLP-Dishwasher-App/src/api/productGrid.js","statementMap":{"0":{"start":{"line":3,"column":30},"end":{"line":12,"column":1}},"1":{"start":{"line":4,"column":2},"end":{"line":11,"column":7}},"2":{"start":{"line":6,"column":8},"end":{"line":6,"column":49}},"3":{"start":{"line":10,"column":8},"end":{"line":10,"column":18}}},"fnMap":{"0":{"name":"(anonymous_0)","decl":{"start":{"line":3,"column":30},"end":{"line":3,"column":31}},"loc":{"start":{"line":3,"column":42},"end":{"line":12,"column":1}},"line":3},"1":{"name":"(anonymous_1)","decl":{"start":{"line":5,"column":11},"end":{"line":5,"column":12}},"loc":{"start":{"line":5,"column":23},"end":{"line":7,"column":5}},"line":5},"2":{"name":"(anonymous_2)","decl":{"start":{"line":8,"column":12},"end":{"line":8,"column":13}},"loc":{"start":{"line":8,"column":18},"end":{"line":11,"column":5}},"line":8}},"branchMap":{},"s":{"0":2,"1":4,"2":3,"3":1},"f":{"0":4,"1":3,"2":1},"b":{},"_coverageSchema":"1a1c01bbd47fc00a2c39e90264f33305004495a9","hash":"960b5f8a38a16065b1421dfeebc73fd0099a9575"}
,"/Users/greg/Documents/dev/JLP-Dishwasher-App/src/components/GridProduct.jsx": {"path":"/Users/greg/Documents/dev/JLP-Dishwasher-App/src/components/GridProduct.jsx","statementMap":{"0":{"start":{"line":5,"column":20},"end":{"line":18,"column":1}},"1":{"start":{"line":7,"column":4},"end":{"line":9,"column":5}},"2":{"start":{"line":8,"column":8},"end":{"line":8,"column":20}},"3":{"start":{"line":11,"column":4},"end":{"line":17,"column":5}}},"fnMap":{"0":{"name":"(anonymous_0)","decl":{"start":{"line":5,"column":20},"end":{"line":5,"column":21}},"loc":{"start":{"line":5,"column":58},"end":{"line":18,"column":1}},"line":5}},"branchMap":{"0":{"loc":{"start":{"line":7,"column":4},"end":{"line":9,"column":5}},"type":"if","locations":[{"start":{"line":7,"column":4},"end":{"line":9,"column":5}},{"start":{"line":7,"column":4},"end":{"line":9,"column":5}}],"line":7},"1":{"loc":{"start":{"line":7,"column":8},"end":{"line":7,"column":38}},"type":"binary-expr","locations":[{"start":{"line":7,"column":8},"end":{"line":7,"column":18}},{"start":{"line":7,"column":22},"end":{"line":7,"column":28}},{"start":{"line":7,"column":32},"end":{"line":7,"column":38}}],"line":7}},"s":{"0":2,"1":7,"2":3,"3":4},"f":{"0":7},"b":{"0":[3,4],"1":[7,6,5]},"_coverageSchema":"1a1c01bbd47fc00a2c39e90264f33305004495a9","hash":"fa65cfe34377ffdb76c30eff25fe1cb7a8427d6c"}
,"/Users/greg/Documents/dev/JLP-Dishwasher-App/src/components/ProductDetails.jsx": {"path":"/Users/greg/Documents/dev/JLP-Dishwasher-App/src/components/ProductDetails.jsx","statementMap":{"0":{"start":{"line":4,"column":23},"end":{"line":63,"column":1}},"1":{"start":{"line":5,"column":44},"end":{"line":5,"column":55}},"2":{"start":{"line":6,"column":42},"end":{"line":6,"column":56}},"3":{"start":{"line":8,"column":21},"end":{"line":12,"column":5}},"4":{"start":{"line":9,"column":8},"end":{"line":11,"column":14}},"5":{"start":{"line":14,"column":17},"end":{"line":20,"column":5}},"6":{"start":{"line":15,"column":8},"end":{"line":19,"column":15}},"7":{"start":{"line":18,"column":25},"end":{"line":18,"column":43}},"8":{"start":{"line":22,"column":4},"end":{"line":62,"column":16}},"9":{"start":{"line":45,"column":92},"end":{"line":45,"column":120}}},"fnMap":{"0":{"name":"(anonymous_0)","decl":{"start":{"line":4,"column":23},"end":{"line":4,"column":24}},"loc":{"start":{"line":4,"column":36},"end":{"line":63,"column":1}},"line":4},"1":{"name":"(anonymous_1)","decl":{"start":{"line":8,"column":65},"end":{"line":8,"column":66}},"loc":{"start":{"line":9,"column":8},"end":{"line":11,"column":14}},"line":9},"2":{"name":"(anonymous_2)","decl":{"start":{"line":14,"column":48},"end":{"line":14,"column":49}},"loc":{"start":{"line":15,"column":8},"end":{"line":19,"column":15}},"line":15},"3":{"name":"(anonymous_3)","decl":{"start":{"line":18,"column":21},"end":{"line":18,"column":22}},"loc":{"start":{"line":18,"column":25},"end":{"line":18,"column":43}},"line":18},"4":{"name":"(anonymous_4)","decl":{"start":{"line":45,"column":88},"end":{"line":45,"column":89}},"loc":{"start":{"line":45,"column":92},"end":{"line":45,"column":120}},"line":45}},"branchMap":{"0":{"loc":{"start":{"line":17,"column":30},"end":{"line":17,"column":60}},"type":"binary-expr","locations":[{"start":{"line":17,"column":30},"end":{"line":17,"column":48}},{"start":{"line":17,"column":52},"end":{"line":17,"column":60}}],"line":17},"1":{"loc":{"start":{"line":40,"column":53},"end":{"line":40,"column":76}},"type":"binary-expr","locations":[{"start":{"line":40,"column":53},"end":{"line":40,"column":64}},{"start":{"line":40,"column":68},"end":{"line":40,"column":76}}],"line":40},"2":{"loc":{"start":{"line":45,"column":48},"end":{"line":45,"column":75}},"type":"cond-expr","locations":[{"start":{"line":45,"column":60},"end":{"line":45,"column":68}},{"start":{"line":45,"column":69},"end":{"line":45,"column":75}}],"line":45},"3":{"loc":{"start":{"line":46,"column":26},"end":{"line":49,"column":85}},"type":"cond-expr","locations":[{"start":{"line":47,"column":28},"end":{"line":47,"column":85}},{"start":{"line":49,"column":28},"end":{"line":49,"column":85}}],"line":46}},"s":{"0":2,"1":8,"2":8,"3":8,"4":15,"5":8,"6":24,"7":3,"8":8,"9":1},"f":{"0":8,"1":15,"2":24,"3":3,"4":1},"b":{"0":[24,8],"1":[8,7],"2":[7,1],"3":[7,1]},"_coverageSchema":"1a1c01bbd47fc00a2c39e90264f33305004495a9","hash":"1a06a0591869618656fffaf0e90d5d60c8897aca"}
,"/Users/greg/Documents/dev/JLP-Dishwasher-App/src/containers/Product.jsx": {"path":"/Users/greg/Documents/dev/JLP-Dishwasher-App/src/containers/Product.jsx","statementMap":{"0":{"start":{"line":6,"column":16},"end":{"line":21,"column":1}},"1":{"start":{"line":8,"column":34},"end":{"line":8,"column":46}},"2":{"start":{"line":9,"column":19},"end":{"line":9,"column":30}},"3":{"start":{"line":11,"column":4},"end":{"line":14,"column":11}},"4":{"start":{"line":12,"column":24},"end":{"line":12,"column":51}},"5":{"start":{"line":13,"column":8},"end":{"line":13,"column":30}},"6":{"start":{"line":16,"column":4},"end":{"line":18,"column":5}},"7":{"start":{"line":17,"column":8},"end":{"line":17,"column":20}},"8":{"start":{"line":20,"column":4},"end":{"line":20,"column":85}}},"fnMap":{"0":{"name":"(anonymous_0)","decl":{"start":{"line":6,"column":16},"end":{"line":6,"column":17}},"loc":{"start":{"line":6,"column":22},"end":{"line":21,"column":1}},"line":6},"1":{"name":"(anonymous_1)","decl":{"start":{"line":11,"column":14},"end":{"line":11,"column":15}},"loc":{"start":{"line":11,"column":26},"end":{"line":14,"column":5}},"line":11}},"branchMap":{"0":{"loc":{"start":{"line":16,"column":4},"end":{"line":18,"column":5}},"type":"if","locations":[{"start":{"line":16,"column":4},"end":{"line":18,"column":5}},{"start":{"line":16,"column":4},"end":{"line":18,"column":5}}],"line":16}},"s":{"0":1,"1":6,"2":6,"3":6,"4":3,"5":3,"6":6,"7":5,"8":1},"f":{"0":6,"1":3},"b":{"0":[5,1]},"_coverageSchema":"1a1c01bbd47fc00a2c39e90264f33305004495a9","hash":"986b1ff24c64955ecdffd50481eb588182998c09"}
,"/Users/greg/Documents/dev/JLP-Dishwasher-App/src/containers/ProductGrid.jsx": {"path":"/Users/greg/Documents/dev/JLP-Dishwasher-App/src/containers/ProductGrid.jsx","statementMap":{"0":{"start":{"line":5,"column":20},"end":{"line":22,"column":1}},"1":{"start":{"line":7,"column":36},"end":{"line":7,"column":48}},"2":{"start":{"line":9,"column":4},"end":{"line":12,"column":11}},"3":{"start":{"line":10,"column":25},"end":{"line":10,"column":47}},"4":{"start":{"line":11,"column":8},"end":{"line":11,"column":32}},"5":{"start":{"line":14,"column":4},"end":{"line":21,"column":19}},"6":{"start":{"line":18,"column":24},"end":{"line":18,"column":76}}},"fnMap":{"0":{"name":"(anonymous_0)","decl":{"start":{"line":5,"column":20},"end":{"line":5,"column":21}},"loc":{"start":{"line":5,"column":26},"end":{"line":22,"column":1}},"line":5},"1":{"name":"(anonymous_1)","decl":{"start":{"line":9,"column":14},"end":{"line":9,"column":15}},"loc":{"start":{"line":9,"column":26},"end":{"line":12,"column":5}},"line":9},"2":{"name":"(anonymous_2)","decl":{"start":{"line":17,"column":35},"end":{"line":17,"column":36}},"loc":{"start":{"line":18,"column":24},"end":{"line":18,"column":76}},"line":18}},"branchMap":{},"s":{"0":1,"1":6,"2":6,"3":3,"4":3,"5":6,"6":2},"f":{"0":6,"1":3,"2":2},"b":{},"_coverageSchema":"1a1c01bbd47fc00a2c39e90264f33305004495a9","hash":"5a1e79efd33d84f894446397291baea9fd5989f9"}
}
