TN:
SF:src/api/productGrid.js
FN:3,(anonymous_0)
FN:5,(anonymous_1)
FN:8,(anonymous_2)
FNF:3
FNH:3
FNDA:2,(anonymous_0)
FNDA:1,(anonymous_1)
FNDA:1,(anonymous_2)
DA:3,2
DA:4,2
DA:6,1
DA:10,1
LF:4
LH:4
BRF:0
BRH:0
end_of_record
TN:
SF:src/components/GridProduct.jsx
FN:5,(anonymous_0)
FNF:1
FNH:1
FNDA:3,(anonymous_0)
DA:5,2
DA:7,3
DA:13,2
LF:3
LH:3
BRF:0
BRH:0
end_of_record
TN:
SF:src/containers/ProductGrid.jsx
FN:5,(anonymous_0)
FN:9,(anonymous_1)
FN:15,(anonymous_2)
FNF:3
FNH:3
FNDA:6,(anonymous_0)
FNDA:3,(anonymous_1)
FNDA:2,(anonymous_2)
DA:5,1
DA:7,6
DA:9,6
DA:10,3
DA:11,3
DA:14,6
DA:16,2
LF:7
LH:7
BRF:0
BRH:0
end_of_record
