TN:
SF:src/api/productDetails.js
FN:3,(anonymous_0)
FN:5,(anonymous_1)
FN:11,(anonymous_2)
FNF:3
FNH:3
FNDA:3,(anonymous_0)
FNDA:2,(anonymous_1)
FNDA:2,(anonymous_2)
DA:3,1
DA:4,3
DA:6,2
DA:7,1
DA:9,1
DA:13,2
LF:6
LH:6
BRDA:6,0,0,1
BRDA:6,0,1,1
BRF:2
BRH:2
end_of_record
TN:
SF:src/api/productGrid.js
FN:3,(anonymous_0)
FN:5,(anonymous_1)
FN:8,(anonymous_2)
FNF:3
FNH:3
FNDA:4,(anonymous_0)
FNDA:3,(anonymous_1)
FNDA:1,(anonymous_2)
DA:3,2
DA:4,4
DA:6,3
DA:10,1
LF:4
LH:4
BRF:0
BRH:0
end_of_record
TN:
SF:src/components/GridProduct.jsx
FN:5,(anonymous_0)
FNF:1
FNH:1
FNDA:7,(anonymous_0)
DA:5,2
DA:7,7
DA:8,3
DA:11,4
LF:4
LH:4
BRDA:7,0,0,3
BRDA:7,0,1,4
BRDA:7,1,0,7
BRDA:7,1,1,6
BRDA:7,1,2,5
BRF:5
BRH:5
end_of_record
TN:
SF:src/containers/ProductGrid.jsx
FN:5,(anonymous_0)
FN:9,(anonymous_1)
FN:17,(anonymous_2)
FNF:3
FNH:3
FNDA:6,(anonymous_0)
FNDA:3,(anonymous_1)
FNDA:2,(anonymous_2)
DA:5,1
DA:7,6
DA:9,6
DA:10,3
DA:11,3
DA:14,6
DA:18,2
LF:7
LH:7
BRF:0
BRH:0
end_of_record
